Traceback (most recent call last):
  File "/usr/local/bin/ipython", line 5, in <module>
    from IPython import start_ipython
ImportError: No module named IPython
Traceback (most recent call last):
  File "/usr/local/bin/ipython", line 5, in <module>
    from IPython import start_ipython
ImportError: No module named IPython
Traceback (most recent call last):
  File "/home/btd17/software/venvs/venv/bin/jupyter-notebook", line 7, in <module>
    from notebook.notebookapp import main
  File "/home/btd17/software/venvs/venv/lib/python2.7/site-packages/notebook/notebookapp.py", line 65, in <module>
    from .services.sessions.sessionmanager import SessionManager
  File "/home/btd17/software/venvs/venv/lib/python2.7/site-packages/notebook/services/sessions/sessionmanager.py", line 13, in <module>
    from pysqlite2 import dbapi2 as sqlite3
ImportError: No module named pysqlite2
Traceback (most recent call last):
  File "/home/btd17/software/venvs/venv/bin/jupyter-notebook", line 7, in <module>
    from notebook.notebookapp import main
  File "/home/btd17/software/venvs/venv/lib/python2.7/site-packages/notebook/notebookapp.py", line 65, in <module>
    from .services.sessions.sessionmanager import SessionManager
  File "/home/btd17/software/venvs/venv/lib/python2.7/site-packages/notebook/services/sessions/sessionmanager.py", line 13, in <module>
    from pysqlite2 import dbapi2 as sqlite3
ImportError: No module named pysqlite2
[I 12:58:12.641 NotebookApp] [nb_conda_kernels] enabled, 2 kernels found
[I 12:58:12.652 NotebookApp] Writing notebook server cookie secret to /home/btd17/.local/share/jupyter/runtime/notebook_cookie_secret
[I 12:58:15.171 NotebookApp] [nb_anacondacloud] enabled
[I 12:58:15.197 NotebookApp] [nb_conda] enabled
[I 12:58:15.711 NotebookApp] ✓ nbpresent HTML export ENABLED
[W 12:58:15.712 NotebookApp] ✗ nbpresent PDF export DISABLED: No module named nbbrowserpdf.exporters.pdf
[I 12:58:15.718 NotebookApp] Serving notebooks from local directory: /home/btd17/creativity
[I 12:58:15.718 NotebookApp] 0 active kernels 
[I 12:58:15.718 NotebookApp] The Jupyter Notebook is running at: http://localhost:7000/?token=ccfe383ad84ddfc840ef362ebecc0459275100b2a0592c2f
[I 12:58:15.718 NotebookApp] Use Control-C to stop this server and shut down all kernels (twice to skip confirmation).
[I 12:58:15.726 NotebookApp] 302 GET /notebooks/nb3_hichip_comparison.ipynb (127.0.0.1) 1.53ms
[I 12:58:17.789 NotebookApp] 302 GET / (127.0.0.1) 0.63ms
[I 12:58:17.794 NotebookApp] 302 GET /tree? (127.0.0.1) 0.74ms
[W 12:58:23.847 NotebookApp] 401 POST /login?next=%2Ftree%3F (127.0.0.1) 3.25ms referer=http://localhost:8888/login?next=%2Ftree%3F
[W 12:58:37.111 NotebookApp] 401 POST /login?next=%2Ftree%3F (127.0.0.1) 4.78ms referer=http://localhost:8888/login?next=%2Ftree%3F
